2026-03-27 13:50:28 info: ✅ Environment variables validated successfully
2026-03-27 13:50:28 info: 🌍 Environment: development
2026-03-27 13:50:28 info: 🔌 Port: 8080
2026-03-27 13:50:28 info: 🌐 Stellar Network: testnet
2026-03-27 13:50:28 info: Server is running on port 8080
2026-03-27 13:50:30 info: Shutting down gracefully...
2026-03-27 13:50:39 info: ✅ Environment variables validated successfully
2026-03-27 13:50:39 info: 🌍 Environment: development
2026-03-27 13:50:39 info: 🔌 Port: 8080
2026-03-27 13:50:39 info: 🌐 Stellar Network: testnet
2026-03-27 13:50:39 info: Server is running on port 8080
2026-03-27 14:14:37 info: ✅ Environment variables validated successfully
2026-03-27 14:14:37 info: 🌍 Environment: development
2026-03-27 14:14:37 info: 🔌 Port: 8080
2026-03-27 14:14:37 info: 🌐 Stellar Network: testnet
2026-03-27 14:14:37 info: Server is running on port 8080
2026-03-27 14:15:16 info: Shutting down gracefully...
2026-03-27 14:21:03 info: ✅ Environment variables validated successfully
2026-03-27 14:21:03 info: ✅ Environment variables validated successfully
2026-03-27 14:21:03 info: 🌍 Environment: test
2026-03-27 14:21:03 info: 🔌 Port: 8080
2026-03-27 14:21:03 info: 🌐 Stellar Network: testnet
2026-03-27 14:21:03 info: GET /health
2026-03-27 14:21:03 info: GET /health
2026-03-27 14:21:03 info: GET /health
2026-03-27 14:21:03 info: GET /health
2026-03-27 14:21:03 info: GET /non-existent-route
2026-03-27 14:21:03 info: ✅ Environment variables validated successfully
2026-03-27 14:21:03 info: ✅ Environment variables validated successfully
2026-03-27 14:21:03 info: ✅ Environment variables validated successfully
2026-03-27 14:21:03 info: 🌍 Environment: test
2026-03-27 14:21:03 info: 🔌 Port: 8080
2026-03-27 14:21:03 info: 🌐 Stellar Network: testnet
2026-03-27 14:21:03 info: POST /api/generator/generate
2026-03-27 14:21:03 info: 🌍 Environment: test
2026-03-27 14:21:03 info: 🔌 Port: 8080
2026-03-27 14:21:03 info: 🌐 Stellar Network: testnet
2026-03-27 14:21:03 info: 🌍 Environment: test
2026-03-27 14:21:03 info: 🔌 Port: 8080
2026-03-27 14:21:03 info: 🌐 Stellar Network: testnet
2026-03-27 14:21:03 info: 🌍 Environment: test
2026-03-27 14:21:03 info: 🔌 Port: 8080
2026-03-27 14:21:03 info: 🌐 Stellar Network: testnet
2026-03-27 14:21:08 info: POST /api/generator/generate
2026-03-27 14:58:48 info: ✅ Environment variables validated successfully
2026-03-27 14:58:48 info: 🌍 Environment: development
2026-03-27 14:58:48 info: 🔌 Port: 8080
2026-03-27 14:58:48 info: 🌐 Stellar Network: testnet
2026-03-27 14:58:48 info: Server is running on port 8080
2026-03-30 15:44:54 info: ✅ Environment variables validated successfully
2026-03-30 15:44:54 info: 🌍 Environment: test
2026-03-30 15:44:54 info: 🔌 Port: 8080
2026-03-30 15:44:54 info: 🌐 Stellar Network: testnet
2026-03-30 15:44:55 info: POST /api/v1/auth/register
2026-03-30 15:44:55 info: POST /api/v1/auth/register
2026-03-30 15:44:55 info: POST /api/v1/auth/register
2026-03-30 15:44:55 info: POST /api/v1/auth/register
2026-03-30 15:44:55 info: POST /api/v1/auth/register
2026-03-30 15:44:55 info: POST /api/v1/auth/register
2026-03-30 15:44:55 info: POST /api/v1/auth/login
2026-03-30 15:44:55 info: POST /api/v1/auth/register
2026-03-30 15:44:55 info: POST /api/v1/auth/login
2026-03-30 15:44:55 info: POST /api/v1/auth/register
2026-03-30 15:44:55 info: POST /api/v1/auth/login
2026-03-30 15:44:55 info: POST /api/v1/auth/register
2026-03-30 15:44:55 info: POST /api/v1/auth/login
2026-03-30 15:44:55 info: POST /api/v1/auth/register
2026-03-30 15:44:56 info: GET /api/v1/auth/me
2026-03-30 15:44:56 info: POST /api/v1/auth/register
2026-03-30 15:44:56 info: GET /api/v1/auth/me
2026-03-30 15:44:56 info: POST /api/v1/auth/register
2026-03-30 15:44:56 info: GET /api/v1/auth/me
2026-03-30 15:44:56 info: ✅ Environment variables validated successfully
2026-03-30 15:44:56 info: 🌍 Environment: test
2026-03-30 15:44:56 info: 🔌 Port: 8080
2026-03-30 15:44:56 info: 🌐 Stellar Network: testnet
2026-03-30 15:44:56 info: POST /api/v1/auth/register
2026-03-30 15:44:57 info: PUT /api/v1/user/profile
2026-03-30 15:44:57 info: GET /api/v1/user/profile
2026-03-30 15:44:57 info: GET /api/v1/auth/me
2026-03-30 15:44:57 info: POST /api/v1/auth/register
2026-03-30 15:44:57 info: PUT /api/v1/user/profile
2026-04-23 13:48:50 info: ✅ Environment variables validated successfully
2026-04-23 13:48:50 info: 🌍 Environment: development
2026-04-23 13:48:50 info: 🔌 Port: 8080
2026-04-23 13:48:50 info: 🌐 Stellar Network: testnet
2026-04-23 13:48:50 info: WebSocket Server successfully initialized
2026-04-23 13:48:50 info: Server is running on port 8080
2026-04-23 13:49:05 info: Shutting down gracefully...
2026-04-29 13:14:15 info: Blockchain service initialized in simulation mode
2026-04-29 13:15:04 info: Blockchain service initialized in simulation mode
2026-04-29 13:15:56 info: Blockchain service initialized in simulation mode
2026-04-29 13:15:58 info: RSA Key rotated. New Key ID: 8662d93e-17a4-4636-b315-7c910aecab71
2026-05-04 16:43:37 error: ❌ Environment Configuration Error: Environment validation failed:

Missing required environment variable: REDIS_URL
Description: Redis connection URL for background jobs and WebSockets
Please check your .env file and .env.example for guidance.

Please copy .env.example to .env and fill in the required values.
2026-05-04 16:43:37 error: ❌ Environment Configuration Error: Environment validation failed:

Missing required environment variable: DATABASE_URL
Description: PostgreSQL connection string for database connectivity
Please check your .env file and .env.example for guidance.

Missing required environment variable: REDIS_URL
Description: Redis connection URL for background jobs and WebSockets
Please check your .env file and .env.example for guidance.

Please copy .env.example to .env and fill in the required values.
2026-05-04 16:43:37 error: ❌ Environment Configuration Error: Environment validation failed:

Missing required environment variable: JWT_SECRET
Description: Secret key for JWT token signing and verification
Please check your .env file and .env.example for guidance.

Missing required environment variable: REDIS_URL
Description: Redis connection URL for background jobs and WebSockets
Please check your .env file and .env.example for guidance.

Please copy .env.example to .env and fill in the required values.
2026-05-04 16:43:37 error: ❌ Environment Configuration Error: Environment validation failed:

Invalid value for environment variable: JWT_SECRET
Description: Secret key for JWT token signing and verification
Current value: "short"
Please check .env.example for the correct format.

Missing required environment variable: REDIS_URL
Description: Redis connection URL for background jobs and WebSockets
Please check your .env file and .env.example for guidance.

Please copy .env.example to .env and fill in the required values.
2026-05-04 16:43:37 error: ❌ Environment Configuration Error: Environment validation failed:

Invalid value for environment variable: JWT_SECRET
Description: Secret key for JWT token signing and verification
Current value: "short"
Please check .env.example for the correct format.

Missing required environment variable: REDIS_URL
Description: Redis connection URL for background jobs and WebSockets
Please check your .env file and .env.example for guidance.

Please copy .env.example to .env and fill in the required values.
2026-05-04 16:43:37 error: ❌ Environment Configuration Error: Environment validation failed:

Invalid value for environment variable: JWT_SECRET
Description: Secret key for JWT token signing and verification
Current value: "your-secret-key-change-in-production"
Please check .env.example for the correct format.

Missing required environment variable: REDIS_URL
Description: Redis connection URL for background jobs and WebSockets
Please check your .env file and .env.example for guidance.

Please copy .env.example to .env and fill in the required values.
2026-05-04 16:43:37 error: ❌ Environment Configuration Error: Environment validation failed:

Invalid value for environment variable: JWT_SECRET
Description: Secret key for JWT token signing and verification
Current value: "your-secret-key-change-in-production"
Please check .env.example for the correct format.

Missing required environment variable: REDIS_URL
Description: Redis connection URL for background jobs and WebSockets
Please check your .env file and .env.example for guidance.

Please copy .env.example to .env and fill in the required values.
2026-05-04 16:43:37 error: ❌ Environment Configuration Error: Environment validation failed:

Invalid value for environment variable: DATABASE_URL
Description: PostgreSQL connection string for database connectivity
Current value: "invalid-url-format"
Please check .env.example for the correct format.

Missing required environment variable: REDIS_URL
Description: Redis connection URL for background jobs and WebSockets
Please check your .env file and .env.example for guidance.

Please copy .env.example to .env and fill in the required values.
2026-05-04 16:43:37 error: ❌ Environment Configuration Error: Environment validation failed:

Invalid value for environment variable: DATABASE_URL
Description: PostgreSQL connection string for database connectivity
Current value: "invalid-url-format"
Please check .env.example for the correct format.

Missing required environment variable: REDIS_URL
Description: Redis connection URL for background jobs and WebSockets
Please check your .env file and .env.example for guidance.

Please copy .env.example to .env and fill in the required values.
2026-05-04 16:43:37 error: ❌ Environment Configuration Error: Environment validation failed:

Missing required environment variable: REDIS_URL
Description: Redis connection URL for background jobs and WebSockets
Please check your .env file and .env.example for guidance.

Missing required environment variable: STELLAR_ISSUER_SECRET_KEY
Description: Stellar secret key for certificate issuance (production only)
Please check your .env file and .env.example for guidance.

Missing required environment variable: STELLAR_ISSUER_PUBLIC_KEY
Description: Stellar public key for certificate issuance (production only)
Please check your .env file and .env.example for guidance.

Please copy .env.example to .env and fill in the required values.
2026-05-04 16:43:37 error: ❌ Environment Configuration Error: Environment validation failed:

Missing required environment variable: REDIS_URL
Description: Redis connection URL for background jobs and WebSockets
Please check your .env file and .env.example for guidance.

Missing required environment variable: STELLAR_ISSUER_SECRET_KEY
Description: Stellar secret key for certificate issuance (production only)
Please check your .env file and .env.example for guidance.

Missing required environment variable: STELLAR_ISSUER_PUBLIC_KEY
Description: Stellar public key for certificate issuance (production only)
Please check your .env file and .env.example for guidance.

Please copy .env.example to .env and fill in the required values.
2026-05-04 16:43:37 error: ❌ Environment Configuration Error: Environment validation failed:

Missing required environment variable: REDIS_URL
Description: Redis connection URL for background jobs and WebSockets
Please check your .env file and .env.example for guidance.

Please copy .env.example to .env and fill in the required values.
2026-05-04 16:43:37 error: ❌ Environment Configuration Error: Environment validation failed:

Missing required environment variable: REDIS_URL
Description: Redis connection URL for background jobs and WebSockets
Please check your .env file and .env.example for guidance.

Please copy .env.example to .env and fill in the required values.
2026-05-04 16:43:37 error: ❌ Environment Configuration Error: Environment validation failed:

Missing required environment variable: REDIS_URL
Description: Redis connection URL for background jobs and WebSockets
Please check your .env file and .env.example for guidance.

Please copy .env.example to .env and fill in the required values.
2026-05-04 16:43:38 info: Redis connected successfully
